Not searching for unused variables given on the command line.
[36m--[0m The C compiler identification is GNU 7.5.0
[36m--[0m The CXX compiler identification is GNU 7.5.0
[36m--[0m Detecting C compiler ABI info
[36m--[0m Detecting C compiler ABI info - done
[36m--[0m Check for working C compiler: /usr/bin/cc - skipped
[36m--[0m Detecting C compile features
[36m--[0m Detecting C compile features - done
[36m--[0m Detecting CXX compiler ABI info
[36m--[0m Detecting CXX compiler ABI info - done
[36m--[0m Check for working CXX compiler: /usr/bin/c++ - skipped
[36m--[0m Detecting CXX compile features
[36m--[0m Detecting CXX compile features - done
[36m--[0m Darknet path dir = /home/yif/catkin_ws/src/darknet_ros/darknet
[36m--[0m Searching for X11...
[36m--[0m Found X11: /usr/include
[36m--[0m Looking for XOpenDisplay in /usr/lib/x86_64-linux-gnu/libX11.so;/usr/lib/x86_64-linux-gnu/libXext.so
[36m--[0m Looking for XOpenDisplay in /usr/lib/x86_64-linux-gnu/libX11.so;/usr/lib/x86_64-linux-gnu/libXext.so - found
[36m--[0m Looking for gethostbyname
[36m--[0m Looking for gethostbyname - found
[36m--[0m Looking for connect
[36m--[0m Looking for connect - found
[36m--[0m Looking for remove
[36m--[0m Looking for remove - found
[36m--[0m Looking for shmat
[36m--[0m Looking for shmat - found
[36m--[0m Looking for IceConnectionNumber in ICE
[36m--[0m Looking for IceConnectionNumber in ICE - found
[36m--[0m  X11_INCLUDE_DIR: /usr/include
[36m--[0m  X11_LIBRARIES: /usr/lib/x86_64-linux-gnu/libSM.so/usr/lib/x86_64-linux-gnu/libICE.so/usr/lib/x86_64-linux-gnu/libX11.so/usr/lib/x86_64-linux-gnu/libXext.so
[36m--[0m Looking for pthread.h
[36m--[0m Looking for pthread.h - found
[36m--[0m Performing Test CMAKE_HAVE_LIBC_PTHREAD
[36m--[0m Performing Test CMAKE_HAVE_LIBC_PTHREAD - Failed
[36m--[0m Looking for pthread_create in pthreads
[36m--[0m Looking for pthread_create in pthreads - not found
[36m--[0m Looking for pthread_create in pthread
[36m--[0m Looking for pthread_create in pthread - found
[36m--[0m Found Threads: TRUE
[36m--[0m Found Boost: /usr/include (found version "1.65.1") found components: thread chrono system date_time atomic
[36m--[0m Found OpenCV: /usr/local (found version "4.5.1")
[36m--[0m Using CATKIN_DEVEL_PREFIX: /home/yif/catkin_ws/devel/.private/darknet_ros
[36m--[0m Using CMAKE_PREFIX_PATH: /home/yif/catkin_ws/devel;/home/yif/catkin_cvBridge/devel;/opt/ros/melodic
[36m--[0m This workspace overlays: /home/yif/catkin_ws/devel;/home/yif/catkin_cvBridge/devel;/opt/ros/melodic
[36m--[0m Found PythonInterp: /usr/bin/python2 (found suitable version "2.7.17", minimum required is "2")
[36m--[0m Using PYTHON_EXECUTABLE: /usr/bin/python2
[36m--[0m Using Debian Python package layout
[36m--[0m Using empy: /usr/bin/empy
[36m--[0m Using CATKIN_ENABLE_TESTING: ON
[36m--[0m Call enable_testing()
[36m--[0m Using CATKIN_TEST_RESULTS_DIR: /home/yif/catkin_ws/build/darknet_ros/test_results
[36m--[0m Found gtest sources under '/usr/src/googletest': gtests will be built
[36m--[0m Found gmock sources under '/usr/src/googletest': gmock will be built
[36m--[0m Found PythonInterp: /usr/bin/python2 (found version "2.7.17")
[36m--[0m Using Python nosetests: /usr/bin/nosetests-2.7
[36m--[0m catkin 0.7.29
[36m--[0m BUILD_SHARED_LIBS is on
[36m--[0m Using these message generators: gencpp;geneus;genlisp;gennodejs;genpy
[36m--[0m Checking and downloading yolov2-tiny.weights if needed ...
[36m--[0m Checking and downloading yolov3.weights if needed ...
[36m--[0m Checking and downloading yolov2.weights if needed ...
[36m--[0m Configuring done
[36m--[0m Generating done
[36m--[0m Build files have been written to: /home/yif/catkin_ws/build/darknet_ros
