Not searching for unused variables given on the command line.
[36m--[0m The C compiler identification is GNU 7.5.0
[36m--[0m The CXX compiler identification is GNU 7.5.0
[36m--[0m Detecting C compiler ABI info
[36m--[0m Detecting C compiler ABI info - done
[36m--[0m Check for working C compiler: /usr/bin/cc - skipped
[36m--[0m Detecting C compile features
[36m--[0m Detecting C compile features - done
[36m--[0m Detecting CXX compiler ABI info
[36m--[0m Detecting CXX compiler ABI info - done
[36m--[0m Check for working CXX compiler: /usr/bin/c++ - skipped
[36m--[0m Detecting CXX compile features
[36m--[0m Detecting CXX compile features - done
[36m--[0m Using CATKIN_DEVEL_PREFIX: /home/yif/catkin_ws/devel/.private/img_view
[36m--[0m Using CMAKE_PREFIX_PATH: /home/yif/catkin_ws/devel;/home/yif/catkin_cvBridge/devel;/opt/ros/melodic
[36m--[0m This workspace overlays: /home/yif/catkin_ws/devel;/home/yif/catkin_cvBridge/devel;/opt/ros/melodic
[36m--[0m Found PythonInterp: /usr/bin/python2 (found suitable version "2.7.17", minimum required is "2")
[36m--[0m Using PYTHON_EXECUTABLE: /usr/bin/python2
[36m--[0m Using Debian Python package layout
[36m--[0m Using empy: /usr/bin/empy
[36m--[0m Using CATKIN_ENABLE_TESTING: ON
[36m--[0m Call enable_testing()
[36m--[0m Using CATKIN_TEST_RESULTS_DIR: /home/yif/catkin_ws/build/img_view/test_results
[36m--[0m Found gtest sources under '/usr/src/googletest': gtests will be built
[36m--[0m Found gmock sources under '/usr/src/googletest': gmock will be built
[36m--[0m Found PythonInterp: /usr/bin/python2 (found version "2.7.17")
[36m--[0m Looking for pthread.h
[36m--[0m Looking for pthread.h - found
[36m--[0m Performing Test CMAKE_HAVE_LIBC_PTHREAD
[36m--[0m Performing Test CMAKE_HAVE_LIBC_PTHREAD - Failed
[36m--[0m Looking for pthread_create in pthreads
[36m--[0m Looking for pthread_create in pthreads - not found
[36m--[0m Looking for pthread_create in pthread
[36m--[0m Looking for pthread_create in pthread - found
[36m--[0m Found Threads: TRUE
[36m--[0m Using Python nosetests: /usr/bin/nosetests-2.7
[36m--[0m catkin 0.7.29
[36m--[0m BUILD_SHARED_LIBS is on
[36m--[0m Found OpenCV: /home/yif/OpenCV/build (found version "4.5.1")
[36m--[0m Configuring done
[33m[1mCMake Warning[0m at /home/yif/catkin_ws/src/img_view/CMakeLists.txt:207 (add_executable):
  Cannot generate a safe runtime search path for target img_view because
  there is a cycle in the constraint graph:

    dir 0 is [/opt/ros/melodic/lib]
      dir 1 must precede it due to runtime library [libcv_bridge.so]
    dir 1 is [/home/yif/catkin_cvBridge/devel/lib]
    dir 2 is [/usr/local/lib]
      dir 3 must precede it due to runtime library [libopencv_gapi.so.4.5]
    dir 3 is [/home/yif/OpenCV/build/lib]
      dir 2 must precede it due to runtime library [libopencv_calib3d.so.4.5]

  Some of these libraries may not be found correctly.


[36m--[0m Generating done
[36m--[0m Build files have been written to: /home/yif/catkin_ws/build/img_view
