/usr/local/bin/cmake -S/home/yif/catkin_ws/src/yolo_kcf -B/home/yif/catkin_ws/build/yolo_kcf --check-build-system CMakeFiles/Makefile.cmake 0
/usr/local/bin/cmake -E cmake_progress_start /home/yif/catkin_ws/build/yolo_kcf/CMakeFiles /home/yif/catkin_ws/build/yolo_kcf//CMakeFiles/progress.marks
/usr/bin/make -s -f CMakeFiles/Makefile2 all
[35m[1mScanning dependencies of target std_msgs_generate_messages_cpp[0m
[  0%] Built target std_msgs_generate_messages_cpp
[35m[1mScanning dependencies of target std_msgs_generate_messages_py[0m
[  0%] Built target std_msgs_generate_messages_py
[35m[1mScanning dependencies of target std_msgs_generate_messages_nodejs[0m
[  0%] Built target std_msgs_generate_messages_nodejs
[35m[1mScanning dependencies of target std_msgs_generate_messages_lisp[0m
[35m[1mScanning dependencies of target std_msgs_generate_messages_eus[0m
[  0%] Built target std_msgs_generate_messages_lisp
[  0%] Built target std_msgs_generate_messages_eus
[35m[1mScanning dependencies of target yolo_kcf_generate_messages_cpp[0m
[35m[1mScanning dependencies of target yolo_kcf_generate_messages_py[0m
[  0%] Built target yolo_kcf_generate_messages_cpp
[  0%] Built target yolo_kcf_generate_messages_py
[35m[1mScanning dependencies of target yolo_kcf_generate_messages_nodejs[0m
[35m[1mScanning dependencies of target yolo_kcf_generate_messages_eus[0m
[  0%] Built target yolo_kcf_generate_messages_nodejs
[100%] [34m[1mGenerating EusLisp manifest code for yolo_kcf[0m
[35m[1mScanning dependencies of target yolo_kcf_generate_messages_lisp[0m
[100%] Built target yolo_kcf_generate_messages_lisp
[100%] Built target yolo_kcf_generate_messages_eus
[35m[1mScanning dependencies of target yolo_kcf_generate_messages[0m
[100%] Built target yolo_kcf_generate_messages
/usr/local/bin/cmake -E cmake_progress_start /home/yif/catkin_ws/build/yolo_kcf/CMakeFiles 0
