Performing C SOURCE FILE Test CMAKE_HAVE_LIBC_PTHREAD failed with the following output:
Change Dir: /home/yif/catkin_ws/build/catkin_tools_prebuild/CMakeFiles/CMakeTmp

Run Build Command(s):/usr/bin/make cmTC_c53a9/fast && /usr/bin/make  -f CMakeFiles/cmTC_c53a9.dir/build.make CMakeFiles/cmTC_c53a9.dir/build
make[1]: 进入目录“/home/yif/catkin_ws/build/catkin_tools_prebuild/CMakeFiles/CMakeTmp”
Building C object CMakeFiles/cmTC_c53a9.dir/src.c.o
/usr/bin/cc   -DCMAKE_HAVE_LIBC_PTHREAD -o CMakeFiles/cmTC_c53a9.dir/src.c.o -c /home/yif/catkin_ws/build/catkin_tools_prebuild/CMakeFiles/CMakeTmp/src.c
Linking C executable cmTC_c53a9
/usr/local/bin/cmake -E cmake_link_script CMakeFiles/cmTC_c53a9.dir/link.txt --verbose=1
/usr/bin/cc  -DCMAKE_HAVE_LIBC_PTHREAD -rdynamic CMakeFiles/cmTC_c53a9.dir/src.c.o -o cmTC_c53a9 
CMakeFiles/cmTC_c53a9.dir/src.c.o：在函数‘main’中：
src.c:(.text+0x3e)：对‘pthread_create’未定义的引用
src.c:(.text+0x4a)：对‘pthread_detach’未定义的引用
src.c:(.text+0x56)：对‘pthread_cancel’未定义的引用
src.c:(.text+0x67)：对‘pthread_join’未定义的引用
src.c:(.text+0x7b)：对‘pthread_atfork’未定义的引用
collect2: error: ld returned 1 exit status
CMakeFiles/cmTC_c53a9.dir/build.make:106: recipe for target 'cmTC_c53a9' failed
make[1]: *** [cmTC_c53a9] Error 1
make[1]: 离开目录“/home/yif/catkin_ws/build/catkin_tools_prebuild/CMakeFiles/CMakeTmp”
Makefile:141: recipe for target 'cmTC_c53a9/fast' failed
make: *** [cmTC_c53a9/fast] Error 2


Source file was:
#include <pthread.h>

void* test_func(void* data)
{
  return data;
}

int main(void)
{
  pthread_t thread;
  pthread_create(&thread, NULL, test_func, NULL);
  pthread_detach(thread);
  pthread_cancel(thread);
  pthread_join(thread, NULL);
  pthread_atfork(NULL, NULL, NULL);
  pthread_exit(NULL);

  return 0;
}

Determining if the function pthread_create exists in the pthreads failed with the following output:
Change Dir: /home/yif/catkin_ws/build/catkin_tools_prebuild/CMakeFiles/CMakeTmp

Run Build Command(s):/usr/bin/make cmTC_dd71d/fast && /usr/bin/make  -f CMakeFiles/cmTC_dd71d.dir/build.make CMakeFiles/cmTC_dd71d.dir/build
make[1]: 进入目录“/home/yif/catkin_ws/build/catkin_tools_prebuild/CMakeFiles/CMakeTmp”
Building C object CMakeFiles/cmTC_dd71d.dir/CheckFunctionExists.c.o
/usr/bin/cc   -DCHECK_FUNCTION_EXISTS=pthread_create -o CMakeFiles/cmTC_dd71d.dir/CheckFunctionExists.c.o -c /usr/local/share/cmake-3.18/Modules/CheckFunctionExists.c
Linking C executable cmTC_dd71d
/usr/local/bin/cmake -E cmake_link_script CMakeFiles/cmTC_dd71d.dir/link.txt --verbose=1
/usr/bin/cc  -DCHECK_FUNCTION_EXISTS=pthread_create -rdynamic CMakeFiles/cmTC_dd71d.dir/CheckFunctionExists.c.o -o cmTC_dd71d  -lpthreads 
/usr/bin/ld: 找不到 -lpthreads
collect2: error: ld returned 1 exit status
CMakeFiles/cmTC_dd71d.dir/build.make:106: recipe for target 'cmTC_dd71d' failed
make[1]: *** [cmTC_dd71d] Error 1
make[1]: 离开目录“/home/yif/catkin_ws/build/catkin_tools_prebuild/CMakeFiles/CMakeTmp”
Makefile:141: recipe for target 'cmTC_dd71d/fast' failed
make: *** [cmTC_dd71d/fast] Error 2



