/usr/local/bin/cmake -S/home/yif/catkin_ws/src/offb -B/home/yif/catkin_ws/build/offb --check-build-system CMakeFiles/Makefile.cmake 0
/usr/local/bin/cmake -E cmake_progress_start /home/yif/catkin_ws/build/offb/CMakeFiles /home/yif/catkin_ws/build/offb//CMakeFiles/progress.marks
/usr/bin/make -s -f CMakeFiles/Makefile2 all
[35m[1mScanning dependencies of target trajectory_msgs_generate_messages_nodejs[0m
[  0%] Built target trajectory_msgs_generate_messages_nodejs
[35m[1mScanning dependencies of target _offb_generate_messages_check_deps_target[0m
[  0%] Built target _offb_generate_messages_check_deps_target
[35m[1mScanning dependencies of target geometry_msgs_generate_messages_py[0m
[  0%] Built target geometry_msgs_generate_messages_py
[35m[1mScanning dependencies of target std_msgs_generate_messages_py[0m
[  0%] Built target std_msgs_generate_messages_py
[35m[1mScanning dependencies of target geometry_msgs_generate_messages_lisp[0m
[  0%] Built target geometry_msgs_generate_messages_lisp
[35m[1mScanning dependencies of target std_msgs_generate_messages_lisp[0m
[  0%] Built target std_msgs_generate_messages_lisp
[35m[1mScanning dependencies of target geometry_msgs_generate_messages_eus[0m
[  0%] Built target geometry_msgs_generate_messages_eus
[35m[1mScanning dependencies of target std_msgs_generate_messages_eus[0m
[  0%] Built target std_msgs_generate_messages_eus
[35m[1mScanning dependencies of target diagnostic_msgs_generate_messages_py[0m
[  0%] Built target diagnostic_msgs_generate_messages_py
[35m[1mScanning dependencies of target uuid_msgs_generate_messages_eus[0m
[  0%] Built target uuid_msgs_generate_messages_eus
[35m[1mScanning dependencies of target geographic_msgs_generate_messages_eus[0m
[  0%] Built target geographic_msgs_generate_messages_eus
[35m[1mScanning dependencies of target rosgraph_msgs_generate_messages_lisp[0m
[  0%] Built target rosgraph_msgs_generate_messages_lisp
[35m[1mScanning dependencies of target rosgraph_msgs_generate_messages_eus[0m
[  0%] Built target rosgraph_msgs_generate_messages_eus
[35m[1mScanning dependencies of target geographic_msgs_generate_messages_lisp[0m
[  0%] Built target geographic_msgs_generate_messages_lisp
[35m[1mScanning dependencies of target rosgraph_msgs_generate_messages_nodejs[0m
[  0%] Built target rosgraph_msgs_generate_messages_nodejs
[35m[1mScanning dependencies of target rosgraph_msgs_generate_messages_cpp[0m
[  0%] Built target rosgraph_msgs_generate_messages_cpp
[35m[1mScanning dependencies of target diagnostic_msgs_generate_messages_nodejs[0m
[  0%] Built target diagnostic_msgs_generate_messages_nodejs
[35m[1mScanning dependencies of target mavros_msgs_generate_messages_nodejs[0m
[  0%] Built target mavros_msgs_generate_messages_nodejs
[35m[1mScanning dependencies of target geographic_msgs_generate_messages_nodejs[0m
[  0%] Built target geographic_msgs_generate_messages_nodejs
[35m[1mScanning dependencies of target actionlib_generate_messages_nodejs[0m
[  0%] Built target actionlib_generate_messages_nodejs
[35m[1mScanning dependencies of target geographic_msgs_generate_messages_cpp[0m
[  0%] Built target geographic_msgs_generate_messages_cpp
[35m[1mScanning dependencies of target geometry_msgs_generate_messages_nodejs[0m
[  0%] Built target geometry_msgs_generate_messages_nodejs
[35m[1mScanning dependencies of target std_msgs_generate_messages_nodejs[0m
[  0%] Built target std_msgs_generate_messages_nodejs
[35m[1mScanning dependencies of target diagnostic_msgs_generate_messages_lisp[0m
[  0%] Built target diagnostic_msgs_generate_messages_lisp
[35m[1mScanning dependencies of target roscpp_generate_messages_lisp[0m
[  0%] Built target roscpp_generate_messages_lisp
[35m[1mScanning dependencies of target uuid_msgs_generate_messages_lisp[0m
[  0%] Built target uuid_msgs_generate_messages_lisp
[35m[1mScanning dependencies of target std_msgs_generate_messages_cpp[0m
[  0%] Built target std_msgs_generate_messages_cpp
[35m[1mScanning dependencies of target actionlib_msgs_generate_messages_nodejs[0m
[  0%] Built target actionlib_msgs_generate_messages_nodejs
[35m[1mScanning dependencies of target nav_msgs_generate_messages_nodejs[0m
[  0%] Built target nav_msgs_generate_messages_nodejs
[35m[1mScanning dependencies of target roscpp_generate_messages_py[0m
[  0%] Built target roscpp_generate_messages_py
[35m[1mScanning dependencies of target trajectory_msgs_generate_messages_eus[0m
[  0%] Built target trajectory_msgs_generate_messages_eus
[35m[1mScanning dependencies of target trajectory_msgs_generate_messages_py[0m
[  0%] Built target trajectory_msgs_generate_messages_py
[35m[1mScanning dependencies of target geographic_msgs_generate_messages_py[0m
[  0%] Built target geographic_msgs_generate_messages_py
[35m[1mScanning dependencies of target roscpp_generate_messages_cpp[0m
[  0%] Built target roscpp_generate_messages_cpp
[35m[1mScanning dependencies of target sensor_msgs_generate_messages_nodejs[0m
[  0%] Built target sensor_msgs_generate_messages_nodejs
[35m[1mScanning dependencies of target actionlib_generate_messages_cpp[0m
[  0%] Built target actionlib_generate_messages_cpp
[35m[1mScanning dependencies of target roscpp_generate_messages_nodejs[0m
[  0%] Built target roscpp_generate_messages_nodejs
[35m[1mScanning dependencies of target uuid_msgs_generate_messages_cpp[0m
[  0%] Built target uuid_msgs_generate_messages_cpp
[35m[1mScanning dependencies of target diagnostic_msgs_generate_messages_eus[0m
[  0%] Built target diagnostic_msgs_generate_messages_eus
[35m[1mScanning dependencies of target actionlib_msgs_generate_messages_lisp[0m
[  0%] Built target actionlib_msgs_generate_messages_lisp
[35m[1mScanning dependencies of target geometry_msgs_generate_messages_cpp[0m
[  0%] Built target geometry_msgs_generate_messages_cpp
[35m[1mScanning dependencies of target uuid_msgs_generate_messages_nodejs[0m
[  0%] Built target uuid_msgs_generate_messages_nodejs
[35m[1mScanning dependencies of target uuid_msgs_generate_messages_py[0m
[  0%] Built target uuid_msgs_generate_messages_py
[35m[1mScanning dependencies of target mavros_msgs_generate_messages_cpp[0m
[  0%] Built target mavros_msgs_generate_messages_cpp
[35m[1mScanning dependencies of target trajectory_msgs_generate_messages_cpp[0m
[  0%] Built target trajectory_msgs_generate_messages_cpp
[35m[1mScanning dependencies of target mavros_msgs_generate_messages_eus[0m
[  0%] Built target mavros_msgs_generate_messages_eus
[35m[1mScanning dependencies of target sensor_msgs_generate_messages_lisp[0m
[  0%] Built target sensor_msgs_generate_messages_lisp
[35m[1mScanning dependencies of target nav_msgs_generate_messages_cpp[0m
[  0%] Built target nav_msgs_generate_messages_cpp
[35m[1mScanning dependencies of target mavros_msgs_generate_messages_py[0m
[  0%] Built target mavros_msgs_generate_messages_py
[35m[1mScanning dependencies of target mavros_msgs_generate_messages_lisp[0m
[  0%] Built target mavros_msgs_generate_messages_lisp
[35m[1mScanning dependencies of target sensor_msgs_generate_messages_cpp[0m
[  0%] Built target sensor_msgs_generate_messages_cpp
[35m[1mScanning dependencies of target sensor_msgs_generate_messages_eus[0m
[  0%] Built target sensor_msgs_generate_messages_eus
[35m[1mScanning dependencies of target sensor_msgs_generate_messages_py[0m
[  0%] Built target sensor_msgs_generate_messages_py
[35m[1mScanning dependencies of target nav_msgs_generate_messages_lisp[0m
[  0%] Built target nav_msgs_generate_messages_lisp
[35m[1mScanning dependencies of target actionlib_msgs_generate_messages_cpp[0m
[  0%] Built target actionlib_msgs_generate_messages_cpp
[35m[1mScanning dependencies of target roscpp_generate_messages_eus[0m
[  0%] Built target roscpp_generate_messages_eus
[35m[1mScanning dependencies of target rosgraph_msgs_generate_messages_py[0m
[  0%] Built target rosgraph_msgs_generate_messages_py
[35m[1mScanning dependencies of target actionlib_msgs_generate_messages_eus[0m
[  0%] Built target actionlib_msgs_generate_messages_eus
[35m[1mScanning dependencies of target actionlib_msgs_generate_messages_py[0m
[  0%] Built target actionlib_msgs_generate_messages_py
[35m[1mScanning dependencies of target diagnostic_msgs_generate_messages_cpp[0m
[  0%] Built target diagnostic_msgs_generate_messages_cpp
[35m[1mScanning dependencies of target actionlib_generate_messages_eus[0m
[  0%] Built target actionlib_generate_messages_eus
[35m[1mScanning dependencies of target actionlib_generate_messages_lisp[0m
[  0%] Built target actionlib_generate_messages_lisp
[35m[1mScanning dependencies of target tf2_msgs_generate_messages_cpp[0m
[  0%] Built target tf2_msgs_generate_messages_cpp
[35m[1mScanning dependencies of target nav_msgs_generate_messages_eus[0m
[  0%] Built target nav_msgs_generate_messages_eus
[35m[1mScanning dependencies of target tf2_msgs_generate_messages_eus[0m
[  0%] Built target tf2_msgs_generate_messages_eus
[35m[1mScanning dependencies of target nav_msgs_generate_messages_py[0m
[  0%] Built target nav_msgs_generate_messages_py
[35m[1mScanning dependencies of target tf2_msgs_generate_messages_lisp[0m
[  0%] Built target tf2_msgs_generate_messages_lisp
[35m[1mScanning dependencies of target actionlib_generate_messages_py[0m
[  0%] Built target actionlib_generate_messages_py
[35m[1mScanning dependencies of target tf2_msgs_generate_messages_py[0m
[  0%] Built target tf2_msgs_generate_messages_py
[35m[1mScanning dependencies of target tf2_msgs_generate_messages_nodejs[0m
[  0%] Built target tf2_msgs_generate_messages_nodejs
[35m[1mScanning dependencies of target trajectory_msgs_generate_messages_lisp[0m
[  0%] Built target trajectory_msgs_generate_messages_lisp
[35m[1mScanning dependencies of target offb_generate_messages_py[0m
[  5%] [34m[1mGenerating Python from MSG offb/target[0m
[ 10%] [34m[1mGenerating Python msg __init__.py for offb[0m
[ 10%] Built target offb_generate_messages_py
[35m[1mScanning dependencies of target offb_generate_messages_lisp[0m
[ 15%] [34m[1mGenerating Lisp code from offb/target.msg[0m
[ 15%] Built target offb_generate_messages_lisp
[35m[1mScanning dependencies of target offb_generate_messages_eus[0m
[ 21%] [34m[1mGenerating EusLisp code from offb/target.msg[0m
[ 26%] [34m[1mGenerating EusLisp manifest code for offb[0m
[ 26%] Built target offb_generate_messages_eus
[35m[1mScanning dependencies of target offb_generate_messages_nodejs[0m
[ 31%] [34m[1mGenerating Javascript code from offb/target.msg[0m
[ 31%] Built target offb_generate_messages_nodejs
[35m[1mScanning dependencies of target offb_generate_messages_cpp[0m
[ 36%] [34m[1mGenerating C++ code from offb/target.msg[0m
[ 36%] Built target offb_generate_messages_cpp
[35m[1mScanning dependencies of target read_tf[0m
[ 42%] [32mBuilding CXX object CMakeFiles/read_tf.dir/src/read_tf.cpp.o[0m
[ 47%] [32m[1mLinking CXX executable /home/yif/catkin_ws/devel/.private/offb/lib/offb/read_tf[0m
[ 47%] Built target read_tf
[35m[1mScanning dependencies of target keyboard_pose_talker[0m
[ 52%] [32mBuilding CXX object CMakeFiles/keyboard_pose_talker.dir/src/keyboard_pose_talker.cpp.o[0m
[35m[1mScanning dependencies of target fly_to_point[0m
[ 57%] [32mBuilding CXX object CMakeFiles/fly_to_point.dir/src/fly_to_point.cpp.o[0m
[ 63%] [32m[1mLinking CXX executable /home/yif/catkin_ws/devel/.private/offb/lib/offb/keyboard_pose_talker[0m
[ 63%] Built target keyboard_pose_talker
[35m[1mScanning dependencies of target offb_generate_messages[0m
[ 63%] Built target offb_generate_messages
[35m[1mScanning dependencies of target keyboard_vel_controller[0m
[ 68%] [32mBuilding CXX object CMakeFiles/keyboard_vel_controller.dir/src/keyboard_vel_controller.cpp.o[0m
[ 73%] [32m[1mLinking CXX executable /home/yif/catkin_ws/devel/.private/offb/lib/offb/fly_to_point[0m
[ 73%] Built target fly_to_point
[35m[1mScanning dependencies of target talker[0m
[ 78%] [32mBuilding CXX object CMakeFiles/talker.dir/src/talker.cpp.o[0m
[ 84%] [32m[1mLinking CXX executable /home/yif/catkin_ws/devel/.private/offb/lib/offb/talker[0m
[ 84%] Built target talker
[35m[1mScanning dependencies of target listener[0m
[ 89%] [32mBuilding CXX object CMakeFiles/listener.dir/src/listener.cpp.o[0m
[ 94%] [32m[1mLinking CXX executable /home/yif/catkin_ws/devel/.private/offb/lib/offb/keyboard_vel_controller[0m
[ 94%] Built target keyboard_vel_controller
[100%] [32m[1mLinking CXX executable /home/yif/catkin_ws/devel/.private/offb/lib/offb/listener[0m
[100%] Built target listener
/usr/local/bin/cmake -E cmake_progress_start /home/yif/catkin_ws/build/offb/CMakeFiles 0
