Linked: (/home/yif/catkin_ws/devel/.private/offb/lib/offb/fly_to_point, /home/yif/catkin_ws/devel/lib/offb/fly_to_point)
Linked: (/home/yif/catkin_ws/devel/.private/offb/lib/offb/keyboard_pose_talker, /home/yif/catkin_ws/devel/lib/offb/keyboard_pose_talker)
Linked: (/home/yif/catkin_ws/devel/.private/offb/lib/offb/talker, /home/yif/catkin_ws/devel/lib/offb/talker)
Linked: (/home/yif/catkin_ws/devel/.private/offb/lib/offb/read_tf, /home/yif/catkin_ws/devel/lib/offb/read_tf)
Linked: (/home/yif/catkin_ws/devel/.private/offb/lib/offb/listener, /home/yif/catkin_ws/devel/lib/offb/listener)
Linked: (/home/yif/catkin_ws/devel/.private/offb/lib/offb/keyboard_vel_controller, /home/yif/catkin_ws/devel/lib/offb/keyboard_vel_controller)
Linked: (/home/yif/catkin_ws/devel/.private/offb/lib/pkgconfig/offb.pc, /home/yif/catkin_ws/devel/lib/pkgconfig/offb.pc)
Linked: (/home/yif/catkin_ws/devel/.private/offb/lib/python2.7/dist-packages/offb/__init__.py, /home/yif/catkin_ws/devel/lib/python2.7/dist-packages/offb/__init__.py)
Linked: (/home/yif/catkin_ws/devel/.private/offb/lib/python2.7/dist-packages/offb/msg/__init__.py, /home/yif/catkin_ws/devel/lib/python2.7/dist-packages/offb/msg/__init__.py)
Linked: (/home/yif/catkin_ws/devel/.private/offb/lib/python2.7/dist-packages/offb/msg/_target.py, /home/yif/catkin_ws/devel/lib/python2.7/dist-packages/offb/msg/_target.py)
Linked: (/home/yif/catkin_ws/devel/.private/offb/share/offb/cmake/offb-msg-extras.cmake, /home/yif/catkin_ws/devel/share/offb/cmake/offb-msg-extras.cmake)
Linked: (/home/yif/catkin_ws/devel/.private/offb/share/offb/cmake/offbConfig-version.cmake, /home/yif/catkin_ws/devel/share/offb/cmake/offbConfig-version.cmake)
Linked: (/home/yif/catkin_ws/devel/.private/offb/share/offb/cmake/offbConfig.cmake, /home/yif/catkin_ws/devel/share/offb/cmake/offbConfig.cmake)
Linked: (/home/yif/catkin_ws/devel/.private/offb/share/offb/cmake/offb-msg-paths.cmake, /home/yif/catkin_ws/devel/share/offb/cmake/offb-msg-paths.cmake)
Linked: (/home/yif/catkin_ws/devel/.private/offb/share/gennodejs/ros/offb/_index.js, /home/yif/catkin_ws/devel/share/gennodejs/ros/offb/_index.js)
Linked: (/home/yif/catkin_ws/devel/.private/offb/share/gennodejs/ros/offb/msg/target.js, /home/yif/catkin_ws/devel/share/gennodejs/ros/offb/msg/target.js)
Linked: (/home/yif/catkin_ws/devel/.private/offb/share/gennodejs/ros/offb/msg/_index.js, /home/yif/catkin_ws/devel/share/gennodejs/ros/offb/msg/_index.js)
Linked: (/home/yif/catkin_ws/devel/.private/offb/share/common-lisp/ros/offb/msg/_package.lisp, /home/yif/catkin_ws/devel/share/common-lisp/ros/offb/msg/_package.lisp)
Linked: (/home/yif/catkin_ws/devel/.private/offb/share/common-lisp/ros/offb/msg/offb-msg.asd, /home/yif/catkin_ws/devel/share/common-lisp/ros/offb/msg/offb-msg.asd)
Linked: (/home/yif/catkin_ws/devel/.private/offb/share/common-lisp/ros/offb/msg/target.lisp, /home/yif/catkin_ws/devel/share/common-lisp/ros/offb/msg/target.lisp)
Linked: (/home/yif/catkin_ws/devel/.private/offb/share/common-lisp/ros/offb/msg/_package_target.lisp, /home/yif/catkin_ws/devel/share/common-lisp/ros/offb/msg/_package_target.lisp)
Linked: (/home/yif/catkin_ws/devel/.private/offb/share/roseus/ros/offb/manifest.l, /home/yif/catkin_ws/devel/share/roseus/ros/offb/manifest.l)
Linked: (/home/yif/catkin_ws/devel/.private/offb/share/roseus/ros/offb/msg/target.l, /home/yif/catkin_ws/devel/share/roseus/ros/offb/msg/target.l)
Linked: (/home/yif/catkin_ws/devel/.private/offb/include/offb/target.h, /home/yif/catkin_ws/devel/include/offb/target.h)
